<?xml version="1.0" encoding="UTF-8"?>
<testsuite xmlns:xsi="http://www.w3.org/2001/XMLSchema-instance" xsi:noNamespaceSchemaLocation="https://maven.apache.org/surefire/maven-surefire-plugin/xsd/surefire-test-report-3.0.xsd" version="3.0" name="com.onehealth.ServiceRegistry.ServiceRegistryApplicationTests" time="18.908" tests="1" errors="0" skipped="0" failures="0">
  <properties>
[...]
</properties>
  <testcase name="contextLoads" classname="com.onehealth.ServiceRegistry.ServiceRegistryApplicationTests" time="3.401">
    <system-out><![CDATA[16:52:20.205 [main] INFO org.springframework.test.context.support.AnnotationConfigContextLoaderUtils -- Could not detect default configuration classes for test class [com.onehealth.ServiceRegistry.ServiceRegistryApplicationTests]: ServiceRegistryApplicationTests does not declare any static, non-private, non-final, nested classes annotated with @Configuration.
16:52:20.746 [main] INFO org.springframework.boot.test.context.SpringBootTestContextBootstrapper -- Found @SpringBootConfiguration com.onehealth.ServiceRegistry.ServiceRegistryApplication for test class com.onehealth.ServiceRegistry.ServiceRegistryApplicationTests

  .   ____          _            __ _ _
 /\\ / ___'_ __ _ _(_)_ __  __ _ \ \ \ \
( ( )\___ | '_ | '_| | '_ \/ _` | \ \ \ \
 \\/  ___)| |_)| | | | | || (_| |  ) ) ) )
  '  |____| .__|_| |_|_| |_\__, | / / / /
 =========|_|==============|___/=/_/_/_/
 :: Spring Boot ::                (v3.1.2)

2023-08-03T16:52:22.496+05:30  INFO 11520 --- [           main] c.o.S.ServiceRegistryApplicationTests    : Starting ServiceRegistryApplicationTests using Java 17.0.7 with PID 11520 (started by lenovo in E:\Desktop Content\OneHealth_BE\ServiceRegistry)
2023-08-03T16:52:22.502+05:30  INFO 11520 --- [           main] c.o.S.ServiceRegistryApplicationTests    : No active profile set, falling back to 1 default profile: "default"
2023-08-03T16:52:26.146+05:30  INFO 11520 --- [           main] o.s.cloud.context.scope.GenericScope     : BeanFactory id=90b711b5-6f5c-3181-b89f-fd1555d2d02d
2023-08-03T16:52:30.517+05:30  WARN 11520 --- [           main] iguration$LoadBalancerCaffeineWarnLogger : Spring Cloud LoadBalancer is currently working with the default cache. While this cache implementation is useful for development and tests, it's recommended to use Caffeine cache in production.You can switch to using Caffeine cache, by adding it and org.springframework.cache.caffeine.CaffeineCacheManager to the classpath.
2023-08-03T16:52:31.231+05:30  INFO 11520 --- [           main] o.s.c.n.eureka.InstanceInfoFactory       : Setting initial instance status as: STARTING
2023-08-03T16:52:31.494+05:30  INFO 11520 --- [           main] com.netflix.discovery.DiscoveryClient    : Initializing Eureka in region us-east-1
2023-08-03T16:52:31.593+05:30  INFO 11520 --- [           main] c.n.d.provider.DiscoveryJerseyProvider   : Using JSON encoding codec LegacyJacksonJson
2023-08-03T16:52:31.594+05:30  INFO 11520 --- [           main] c.n.d.provider.DiscoveryJerseyProvider   : Using JSON decoding codec LegacyJacksonJson
2023-08-03T16:52:31.594+05:30  INFO 11520 --- [           main] c.n.d.provider.DiscoveryJerseyProvider   : Using XML encoding codec XStreamXml
2023-08-03T16:52:31.594+05:30  INFO 11520 --- [           main] c.n.d.provider.DiscoveryJerseyProvider   : Using XML decoding codec XStreamXml
2023-08-03T16:52:31.714+05:30  INFO 11520 --- [           main] c.n.d.s.r.aws.ConfigClusterResolver      : Resolving eureka endpoints via configuration
2023-08-03T16:52:31.818+05:30  INFO 11520 --- [           main] com.netflix.discovery.DiscoveryClient    : Disable delta property : false
2023-08-03T16:52:31.820+05:30  INFO 11520 --- [           main] com.netflix.discovery.DiscoveryClient    : Single vip registry refresh property : null
2023-08-03T16:52:31.821+05:30  INFO 11520 --- [           main] com.netflix.discovery.DiscoveryClient    : Force full registry fetch : false
2023-08-03T16:52:31.821+05:30  INFO 11520 --- [           main] com.netflix.discovery.DiscoveryClient    : Application is null : false
2023-08-03T16:52:31.821+05:30  INFO 11520 --- [           main] com.netflix.discovery.DiscoveryClient    : Registered Applications size is zero : true
2023-08-03T16:52:31.822+05:30  INFO 11520 --- [           main] com.netflix.discovery.DiscoveryClient    : Application version is -1: true
2023-08-03T16:52:31.822+05:30  INFO 11520 --- [           main] com.netflix.discovery.DiscoveryClient    : Getting all instance registry info from the eureka server
2023-08-03T16:52:33.373+05:30  INFO 11520 --- [           main] com.netflix.discovery.DiscoveryClient    : The response status is 200
2023-08-03T16:52:33.382+05:30  INFO 11520 --- [           main] com.netflix.discovery.DiscoveryClient    : Starting heartbeat executor: renew interval is: 30
2023-08-03T16:52:33.389+05:30  INFO 11520 --- [           main] c.n.discovery.InstanceInfoReplicator     : InstanceInfoReplicator onDemand update allowed rate per min is 4
2023-08-03T16:52:33.411+05:30  INFO 11520 --- [           main] com.netflix.discovery.DiscoveryClient    : Discovery Client initialized at timestamp 1691061753409 with initial instances count: 7
2023-08-03T16:52:33.534+05:30  INFO 11520 --- [           main] c.n.eureka.DefaultEurekaServerContext    : Initializing ...
2023-08-03T16:52:33.539+05:30  INFO 11520 --- [           main] c.n.eureka.cluster.PeerEurekaNodes       : Adding new peer nodes [http://localhost:8761/eureka/]
2023-08-03T16:52:34.173+05:30  INFO 11520 --- [           main] c.n.d.provider.DiscoveryJerseyProvider   : Using JSON encoding codec LegacyJacksonJson
2023-08-03T16:52:34.174+05:30  INFO 11520 --- [           main] c.n.d.provider.DiscoveryJerseyProvider   : Using JSON decoding codec LegacyJacksonJson
2023-08-03T16:52:34.174+05:30  INFO 11520 --- [           main] c.n.d.provider.DiscoveryJerseyProvider   : Using XML encoding codec XStreamXml
2023-08-03T16:52:34.174+05:30  INFO 11520 --- [           main] c.n.d.provider.DiscoveryJerseyProvider   : Using XML decoding codec XStreamXml
2023-08-03T16:52:34.273+05:30  INFO 11520 --- [           main] c.n.eureka.cluster.PeerEurekaNodes       : Replica node URL:  http://localhost:8761/eureka/
2023-08-03T16:52:34.296+05:30  INFO 11520 --- [           main] c.n.e.registry.AbstractInstanceRegistry  : Finished initializing remote region registries. All known remote regions: []
2023-08-03T16:52:34.299+05:30  INFO 11520 --- [           main] c.n.eureka.DefaultEurekaServerContext    : Initialized
2023-08-03T16:52:34.833+05:30  INFO 11520 --- [           main] o.s.b.a.e.web.EndpointLinksResolver      : Exposing 1 endpoint(s) beneath base path '/actuator'
2023-08-03T16:52:34.958+05:30  INFO 11520 --- [           main] o.s.c.n.e.s.EurekaServiceRegistry        : Registering application ONEHEALTH-SERVICEREGISTRY with eureka with status UP
2023-08-03T16:52:34.959+05:30  INFO 11520 --- [           main] com.netflix.discovery.DiscoveryClient    : Saw local status change event StatusChangeEvent [timestamp=1691061754959, current=UP, previous=STARTING]
2023-08-03T16:52:34.964+05:30  INFO 11520 --- [nfoReplicator-0] com.netflix.discovery.DiscoveryClient    : DiscoveryClient_ONEHEALTH-SERVICEREGISTRY/YJB:OneHealth-ServiceRegistry:8761: registering service...
2023-08-03T16:52:35.065+05:30  INFO 11520 --- [           main] c.o.S.ServiceRegistryApplicationTests    : Started ServiceRegistryApplicationTests in 13.879 seconds (process running for 17.653)
2023-08-03T16:52:35.074+05:30  INFO 11520 --- [nfoReplicator-0] com.netflix.discovery.DiscoveryClient    : DiscoveryClient_ONEHEALTH-SERVICEREGISTRY/YJB:OneHealth-ServiceRegistry:8761 - registration status: 204
2023-08-03T16:52:35.113+05:30  INFO 11520 --- [      Thread-10] o.s.c.n.e.server.EurekaServerBootstrap   : isAws returned false
2023-08-03T16:52:35.114+05:30  INFO 11520 --- [      Thread-10] o.s.c.n.e.server.EurekaServerBootstrap   : Initialized server context
2023-08-03T16:52:35.164+05:30  INFO 11520 --- [      Thread-10] c.n.e.registry.AbstractInstanceRegistry  : Registered instance ONEHEALTH-CONFIGSERVER/YJB:OneHealth-ConfigServer:8888 with status UP (replication=true)
2023-08-03T16:52:35.165+05:30  INFO 11520 --- [      Thread-10] c.n.e.registry.AbstractInstanceRegistry  : Registered instance ONEHEALTH-PATIENTMANAGEMENT/YJB:OneHealth-PatientManagement:8083 with status UP (replication=true)
2023-08-03T16:52:35.167+05:30  INFO 11520 --- [      Thread-10] c.n.e.registry.AbstractInstanceRegistry  : Registered instance ONEHEALTH-LIFESTYLEANDHISTORY/YJB:OneHealth-LifeStyleAndHistory:8084 with status UP (replication=true)
2023-08-03T16:52:35.169+05:30  INFO 11520 --- [      Thread-10] c.n.e.registry.AbstractInstanceRegistry  : Registered instance ONEHEALTH-SERVICEREGISTRY/YJB:OneHealth-ServiceRegistry:8761 with status UP (replication=true)
2023-08-03T16:52:35.172+05:30  INFO 11520 --- [      Thread-10] c.n.e.registry.AbstractInstanceRegistry  : Registered instance ONEHEALTH-APIGATEWAY/YJB:OneHealth-APIGateway with status UP (replication=true)
2023-08-03T16:52:35.174+05:30  INFO 11520 --- [      Thread-10] c.n.e.registry.AbstractInstanceRegistry  : Registered instance ONEHEALTH-PATIENTUSER/YJB:OneHealth-PatientUser:8081 with status UP (replication=true)
2023-08-03T16:52:35.175+05:30  INFO 11520 --- [      Thread-10] c.n.e.registry.AbstractInstanceRegistry  : Registered instance ONEHEALTH-APPOINTMENT/YJB:OneHealth-Appointment:8082 with status UP (replication=true)
2023-08-03T16:52:35.176+05:30  INFO 11520 --- [      Thread-10] c.n.e.r.PeerAwareInstanceRegistryImpl    : Got 7 instances from neighboring DS node
2023-08-03T16:52:35.176+05:30  INFO 11520 --- [      Thread-10] c.n.e.r.PeerAwareInstanceRegistryImpl    : Renew threshold is: 11
2023-08-03T16:52:35.177+05:30  INFO 11520 --- [      Thread-10] c.n.e.r.PeerAwareInstanceRegistryImpl    : Changing status to UP
2023-08-03T16:52:35.217+05:30  INFO 11520 --- [      Thread-10] e.s.EurekaServerInitializerConfiguration : Started Eureka Server
]]></system-out>
  </testcase>
</testsuite>